- 25-Oct-2024 15:21:34 makenl[88110] MakeNL 3.5.1 (Linux) compiled with GNU C on Aug 28 2019 10:23:50
+ 25-Oct-2024 15:21:34 makenl[88110] MakeNL started
d 25-Oct-2024 15:21:34 makenl[88110] /home/christian/git/personal/makenl-code/src/os.c: os_fulldir(): called with src='.'
d 25-Oct-2024 15:21:34 makenl[88110] /home/christian/git/personal/makenl-code/src/os.c: os_fulldir(): after removing slash: '.'
d 25-Oct-2024 15:21:34 makenl[88110] os_fullpath(): dir='', name='', ext=''
d 25-Oct-2024 15:21:34 makenl[88110] os_fullpath(): old directory='/home/bbs/git/ghostnet/ftn/nodelist'
d 25-Oct-2024 15:21:34 makenl[88110] myfnmerge: drive='(null)' dir='/home/bbs/git/ghostnet/ftn/nodelist' name='' ext=''
d 25-Oct-2024 15:21:34 makenl[88110] os_fullpath(): complete filename: '/home/bbs/git/ghostnet/ftn/nodelist/'
d 25-Oct-2024 15:21:34 makenl[88110] /home/christian/git/personal/makenl-code/src/os.c: os_fulldir(): absolute path '/home/bbs/git/ghostnet/ftn/nodelist/'
d 25-Oct-2024 15:21:34 makenl[88110] /home/christian/git/personal/makenl-code/src/os.c: os_fulldir(): st_mode is now 40775
d 25-Oct-2024 15:21:34 makenl[88110] /home/christian/git/personal/makenl-code/src/os.c: os_fulldir(): called with src='./outfile'
d 25-Oct-2024 15:21:34 makenl[88110] /home/christian/git/personal/makenl-code/src/os.c: os_fulldir(): after removing slash: './outfile'
d 25-Oct-2024 15:21:34 makenl[88110] os_fullpath(): dir='.', name='outfile', ext=''
d 25-Oct-2024 15:21:34 makenl[88110] os_fullpath(): old directory='/home/bbs/git/ghostnet/ftn/nodelist'
d 25-Oct-2024 15:21:34 makenl[88110] myfnmerge: drive='(null)' dir='/home/bbs/git/ghostnet/ftn/nodelist' name='outfile' ext=''
d 25-Oct-2024 15:21:34 makenl[88110] os_fullpath(): complete filename: '/home/bbs/git/ghostnet/ftn/nodelist/outfile'
d 25-Oct-2024 15:21:34 makenl[88110] /home/christian/git/personal/makenl-code/src/os.c: os_fulldir(): absolute path '/home/bbs/git/ghostnet/ftn/nodelist/outfile'
d 25-Oct-2024 15:21:34 makenl[88110] /home/christian/git/personal/makenl-code/src/os.c: os_fulldir(): st_mode is now 40775
? 25-Oct-2024 15:21:34 makenl[88110] WARNING -- No net NAME given for list header (use /N or NAME verb)
+ 25-Oct-2024 15:21:34 makenl[88110] Cmdline: ./makenl "-D" "nodelist.txt"
+ 25-Oct-2024 15:21:34 makenl[88110] Using 'nodelist.txt' in '/home/bbs/git/ghostnet/ftn/nodelist'
+ 25-Oct-2024 15:21:34 makenl[88110] Begin processing 'ghostftn.' -- 15:21, Friday, October 25, 2024
d 25-Oct-2024 15:21:34 makenl[88110] myfnmerge: drive='(null)' dir='/home/bbs/git/ghostnet/ftn/nodelist/outfile' name='ghostftn.' ext='(null)'
d 25-Oct-2024 15:21:34 makenl[88110] main(): shouldprocess /home/bbs/git/ghostnet/ftn/nodelist/outfile/ghostftn.
d 25-Oct-2024 15:21:34 makenl[88110] myfnmerge: drive='' dir='/home/bbs/git/ghostnet/ftn/nodelist/outfile' name='ghostftn' ext='$$$'
d 25-Oct-2024 15:21:34 makenl[88110] myfnmerge: drive='(null)' dir='/home/bbs/git/ghostnet/ftn/nodelist/' name='cpyright.txt' ext='(null)'
d 25-Oct-2024 15:21:34 makenl[88110] myfnmerge: drive='(null)' dir='/home/bbs/git/ghostnet/ftn/nodelist/' name='prolog.txt' ext='(null)'
d 25-Oct-2024 15:21:34 makenl[88110] CloseMSGFile: status=0
d 25-Oct-2024 15:21:34 makenl[88110] CloseMSGFile: MSGnum=0
d 25-Oct-2024 15:21:34 makenl[88110] myfnmerge: drive='(null)' dir='/home/bbs/git/ghostnet/ftn/nodelist/' name='epilog.txt' ext='(null)'
d 25-Oct-2024 15:21:34 makenl[88110] myfnmerge: drive='(null)' dir='/home/bbs/git/ghostnet/ftn/nodelist/outfile' name='ghostftn.' ext='299'
d 25-Oct-2024 15:21:34 makenl[88110] myfnmerge: drive='(null)' dir='/home/bbs/git/ghostnet/ftn/nodelist/outfile' name='ghostftn.' ext='292'
d 25-Oct-2024 15:21:34 makenl[88110] myfnmerge: drive='(null)' dir='/home/bbs/git/ghostnet/ftn/nodelist/outfile' name='ghostftn.' ext='285'
d 25-Oct-2024 15:21:34 makenl[88110] myfnmerge: drive='(null)' dir='/home/bbs/git/ghostnet/ftn/nodelist/outfile' name='ghostftn.' ext='278'
d 25-Oct-2024 15:21:34 makenl[88110] myfnmerge: drive='(null)' dir='/home/bbs/git/ghostnet/ftn/nodelist/outfile' name='ghostftn.' ext='271'
d 25-Oct-2024 15:21:34 makenl[88110] myfnmerge: drive='(null)' dir='/home/bbs/git/ghostnet/ftn/nodelist/outfile' name='ghostftn.' ext='264'
d 25-Oct-2024 15:21:34 makenl[88110] myfnmerge: drive='(null)' dir='/home/bbs/git/ghostnet/ftn/nodelist/outfile' name='ghostftn.' ext='257'
d 25-Oct-2024 15:21:34 makenl[88110] myfnmerge: drive='' dir='/home/bbs/git/ghostnet/ftn/nodelist/outfile' name='ghostftn' ext='$$$'
d 25-Oct-2024 15:21:34 makenl[88110] myfnmerge: drive='' dir='/home/bbs/git/ghostnet/ftn/nodelist/outfile' name='ghostftn' ext='299'
d 25-Oct-2024 15:21:34 makenl[88110] myfnmerge: drive='(null)' dir='/home/bbs/git/ghostnet/ftn/nodelist/outfile' name='ghostftn.' ext='250'
d 25-Oct-2024 15:21:34 makenl[88110] myfnmerge: drive='' dir='/home/bbs/git/ghostnet/ftn/nodelist/outfile' name='ghostftn' ext='292'
d 25-Oct-2024 15:21:34 makenl[88110] Skip arc for /home/bbs/git/ghostnet/ftn/nodelist/outfile/ghostftn.299
d 25-Oct-2024 15:21:34 makenl[88110] /home/christian/git/personal/makenl-code/src/fileutil.c: cleanit(): cleanup no
+ 25-Oct-2024 15:21:34 makenl[88110] CRC = 40418
+ 25-Oct-2024 15:21:34 makenl[88110] MakeNL finished (rc=0)
