

ÍÍÍÍÍÍÍÍÍÍÍÍÍÍÍÍÍÍÍÍÍÍÍÍÍÍÍÍÍÍÍÍÍÍÍÍÍÍÍÍÍÍÍÍÍÍÍÍÍÍÍÍÍÍÍÍÍÍÍÍÍÍÍÍÍÍÍÍÍÍÍÍÍÍÍÍÍÍ 
1.   GHOSTNet Sysops

 SubType Host Flags Description
 ====== ----- ===== ----------------------------------------------------------
GHSTSYS     1 R     SysOp Landing Page
PROMOTE     1 R     Promote Your Sub / Message Area

ÍÍÍÍÍÍÍÍÍÍÍÍÍÍÍÍÍÍÍÍÍÍÍÍÍÍÍÍÍÍÍÍÍÍÍÍÍÍÍÍÍÍÍÍÍÍÍÍÍÍÍÍÍÍÍÍÍÍÍÍÍÍÍÍÍÍÍÍÍÍÍÍÍÍÍÍÍÍ 
2.   Computers 

 SubType Host Flags Description
 ====== ----- ===== ----------------------------------------------------------
VINTAGE     1  R    Vintage Computing Discussion
HRDDISK     1  R    The Hardware Forum

ÍÍÍÍÍÍÍÍÍÍÍÍÍÍÍÍÍÍÍÍÍÍÍÍÍÍÍÍÍÍÍÍÍÍÍÍÍÍÍÍÍÍÍÍÍÍÍÍÍÍÍÍÍÍÍÍÍÍÍÍÍÍÍÍÍÍÍÍÍÍÍÍÍÍÍÍÍÍ 
3.   BBS-related 

 SubType Host Flags Description
 ====== ----- ===== ----------------------------------------------------------
BBSMODS     1 R     BBS Mods: All Platforms 
FUNDOOR     1 R     The Doors: Servers, Events & Setup
NTONBBS     1 R     New Tech on BBSs

ÍÍÍÍÍÍÍÍÍÍÍÍÍÍÍÍÍÍÍÍÍÍÍÍÍÍÍÍÍÍÍÍÍÍÍÍÍÍÍÍÍÍÍÍÍÍÍÍÍÍÍÍÍÍÍÍÍÍÍÍÍÍÍÍÍÍÍÍÍÍÍÍÍÍÍÍÍÍ 
4.   General Discussion

 SubType Host Flags Description
 ====== ----- ===== ----------------------------------------------------------
CNTEVNT     1 R     Content Creation and Events
CLKBAIT     1 R     Clickbait: Social Media & Links


ÍÍÍÍÍÍÍÍÍÍÍÍÍÍÍÍÍÍÍÍÍÍÍÍÍÍÍÍÍÍÍÍÍÍÍÍÍÍÍÍÍÍÍÍÍÍÍÍÍÍÍÍÍÍÍÍÍÍÍÍÍÍÍÍÍÍÍÍÍÍÍÍÍÍÍÍÍÍ 
5.   Nerd Alert

 SubType Host Flags Description
 ====== ----- ===== ----------------------------------------------------------
MGAMING     1  R    Modern Gaming    
GEEKSHK     1  R    The Geek Shack: Anime/Comics/Games/SciFi
BEYNDPC     1  R    Beyond the PC: Tech Talk

ÍÍÍÍÍÍÍÍÍÍÍÍÍÍÍÍÍÍÍÍÍÍÍÍÍÍÍÍÍÍÍÍÍÍÍÍÍÍÍÍÍÍÍÍÍÍÍÍÍÍÍÍÍÍÍÍÍÍÍÍÍÍÍÍÍÍÍÍÍÍÍÍÍÍÍÍÍÍ 
6.   Text Mode

 SubType Host Flags Description
 ====== ----- ===== ----------------------------------------------------------
TEXTMOD	    1 R     ANSI/ASCII Art - No BBS Ads



